<?xml version="1.0" encoding="UTF-8"?>
<testng-results ignored="0" total="1" passed="1" failed="0" skipped="0">
  <reporter-output>
  </reporter-output>
  <suite started-at="2024-12-08T14:37:32 IST" name="Default suite" finished-at="2024-12-08T14:37:42 IST" duration-ms="9944">
    <groups>
    </groups>
    <test started-at="2024-12-08T14:37:32 IST" name="Default test" finished-at="2024-12-08T14:37:42 IST" duration-ms="9944">
      <class name="test_cases.login_test">
        <test-method signature="userlogin()[pri:0, instance:test_cases.login_test@2eae8e6e]" started-at="2024-12-08T14:37:32 IST" name="userlogin" finished-at="2024-12-08T14:37:42 IST" duration-ms="9800" status="PASS">
          <reporter-output>
          </reporter-output>
        </test-method> <!-- userlogin -->
      </class> <!-- test_cases.login_test -->
    </test> <!-- Default test -->
  </suite> <!-- Default suite -->
</testng-results>
