<?xml version="1.0" encoding="UTF-8"?>
<testng-results ignored="0" total="2" passed="2" failed="0" skipped="0">
  <reporter-output>
  </reporter-output>
  <suite started-at="2024-12-08T15:01:27 IST" name="Suite" finished-at="2024-12-08T15:01:42 IST" duration-ms="15313">
    <groups>
    </groups>
    <test started-at="2024-12-08T15:01:27 IST" name="Test" finished-at="2024-12-08T15:01:42 IST" duration-ms="15313">
      <class name="test_cases.login_test">
        <test-method is-config="true" signature="setup()[pri:0, instance:test_cases.login_test@402c4085]" started-at="2024-12-08T15:01:27 IST" name="setup" finished-at="2024-12-08T15:01:32 IST" duration-ms="4758" status="PASS">
          <reporter-output>
          </reporter-output>
        </test-method> <!-- setup -->
        <test-method signature="userlogin()[pri:1, instance:test_cases.login_test@402c4085]" started-at="2024-12-08T15:01:32 IST" name="userlogin" finished-at="2024-12-08T15:01:38 IST" duration-ms="5693" status="PASS">
          <reporter-output>
          </reporter-output>
        </test-method> <!-- userlogin -->
        <test-method signature="failuser()[pri:2, instance:test_cases.login_test@402c4085]" started-at="2024-12-08T15:01:38 IST" name="failuser" finished-at="2024-12-08T15:01:42 IST" duration-ms="4738" status="PASS">
          <reporter-output>
          </reporter-output>
        </test-method> <!-- failuser -->
      </class> <!-- test_cases.login_test -->
    </test> <!-- Test -->
  </suite> <!-- Suite -->
</testng-results>
