<?xml version="1.0" encoding="UTF-8"?>
<testng-results ignored="0" total="1" passed="1" failed="0" skipped="0">
  <reporter-output>
  </reporter-output>
  <suite started-at="2025-06-26T08:12:26 IST" name="Default suite" finished-at="2025-06-26T08:12:29 IST" duration-ms="3787">
    <groups>
    </groups>
    <test started-at="2025-06-26T08:12:26 IST" name="Default test" finished-at="2025-06-26T08:12:29 IST" duration-ms="3787">
      <class name="SauceDemoLoginTest">
        <test-method signature="loginToSauceDemo()[pri:0, instance:SauceDemoLoginTest@6cd28fa7]" started-at="2025-06-26T08:12:26 IST" name="loginToSauceDemo" finished-at="2025-06-26T08:12:29 IST" duration-ms="3730" status="PASS">
          <reporter-output>
          </reporter-output>
        </test-method> <!-- loginToSauceDemo -->
      </class> <!-- SauceDemoLoginTest -->
    </test> <!-- Default test -->
  </suite> <!-- Default suite -->
</testng-results>
